                   2964634867495                    2964634889784
                   2965658999928                    2965795405186
                   2966831453314                    2966837147519
                   2970928005388                    2970928016139
                   2971959374770                    2972095010120
                   2973103887005                    2973109952211
                   2977200015311                    2977200034265
                   2978231528864                    2978415777796
                   2979439035329                    2979444545363
                   2983535304281                    2983535324886
                   2984567928098                    2984691899006
                   2985711345735                    2985717275575
                   2989808695714                    2989808705733
                   2990839377080                    2990990231337
                   2992015372507                    2992021150911
                   2996111790826                    2996111799468
                   2997145518488                    2997338471393
                   2998351663936                    2998357275268
                   3002448656048                    3002448671873
                   3003483269082                    3003671505421
                   3004687133701                    3004693709808
                   3008783731006                    3008783739611
                   3009818288443                    3009989130017
                   3011023997149                    3011029582935
                   3015119933681                    3015119943629
                   3016151322073                    3016273583180
                   3017296037245                    3017302581330
                   3021391761227                    3021391769721
                   3022424179215                    3022553595577
                   3023567365788                    3023572941798
                   3027663903076                    3027663913814
                   3028694860160                    3028951192641
                   3029971011494                    3029983036844
                   3034063699615                    3034063708612
                   3035099020437                    3035232808226
                   3036239085339                    3036244726280
                   3041360662522                    3041360671998
                   3042392222047                    3042560973127
                   3043567782212                    3043575348995
                   3048687321045                    3048687331017
                   3049720622883                    3049849116737
                   3050863120617                    3050868813963
                   3055983828612                    3055983838433
                   3057015414487                    3057226963498
                   3058255758493                    3058263852164
                   3062351947337                    3062351956388
                   3063386668274                    3063541422409
                   3064559663910                    3064565287153
                   3068656229082                    3068656240865
                   3069688597856                    3069856950928
                   3070863772286                    3070870688011
                   3074959973714                    3074960002810
                   3075999452196                    3076192708465
                   3077199865155                    3077207042910
                   3081296022119                    3081296034770
                   3082328942939                    3082478697707
                   3083503445086                    3083511853266
                   3087599069474                    3087599077644
                   3088633195924                    3088815464431
                   3089839615158                    3089845621270
                   3093936584006                    3093936595608
                   3094967935598                    3095117134292
                   3096143055942                    3096148688776
                   3100751274737                    3100751283990
                   3101791722358                    3101998018725
                   3103023520809                    3103043759067
                   3107152235175                    3107152246106
                   3108188262358                    3108398220488
                   3109423431895                    3109430398106
                   3113519508264                    3113519517963
                   3114556091646                    3114733013250
                   3115759208537                    3115769314224
                   3119857186929                    3119857209788
                   3120889222687                    3121085758157
                   3122095654916                    3122103646660
                   3126191701979                    3126191713028
                   3127224237197                    3127469730419
                   3128495684015                    3128501492771
                   3132593541774                    3132593574925
                   3133632191911                    3133819637204
                   3134831087050                    3134838160884
                   3138928091945                    3138928099743
                   3139962667636                    3140141885302
                   3141167041919                    3141172830589
                   3145264821274                    3145264830994
                   3146295586969                    3146461864059
                   3147471412233                    3147477180594
                   3151567093744                    3151567101655
                   3152599440398                    3152746910655
                   3153775948144                    3153781708324
                   3158896756684                    3158896767155
                   3159928304697                    3160066856501
                   3161071546530                    3161077145384
                   3166191379010                    3166191387595
                   3167223876205                    3167371857954
                   3168399672439                    3168406471998
                   3173520013822                    3173520024008
                   3174552288710                    3174710823238
                   3175727685816                    3175733865982
                   3180847455453                    3180847465747
                   3181879757296                    3182139104439
                   3183151364521                    3183157120292
                   3188272275482                    3188272285347
                   3189302994211                    3189478185794
                   3190511105736                    3190516897008
                   3195631953794                    3195631961719
                   3196665369862                    3196838175710
                   3197871402187                    3197877140764
                   3202992524908                    3202992535691
                   3204024129520                    3204212624935
                   3205231272318                    3205237061662
                   3210351615076                    3210351622466
                   3211387956884                    3211574724037
                   3212591419350                    3212596936192
                   3217712869808                    3217713517290
                   3218745683329                    3219031902667
                   3220047113208                    3220057991242
                   3225167355456                    3225167364996
                   3226203298186                    3226354752799
                   3227375356295                    3227381136388
                   3232496882544                    3232496897175
                   3233528014923                    3233728431591
                   3234735820478                    3234741851973
                   3239855250859                    3239855258704
                   3240888053424                    3241087469782
                   3242095359951                    3242100965629
                   3248240194651                    3248240209700
                   3249271649053                    3249480260933
                   3250511410870                    3250517713153
                   3256655350287                    3256655358615
                   3257688235930                    3257838294475
                   3258864077402                    3258869710709
                   3265008842416                    3265009234827
                   3266043706208                    3266246962144
                   3267280087301                    3267286293393
                   3273423501708                    3273423536335
                   3274457011408                    3274591800047
                   3275599864302                    3275605461724
                   3281744142506                    3281744174747
                   3282789617799                    3283007877179
                   3284015729836                    3284021294992
                   3290159762419                    3290159794179
                   3291193173037                    3291354378242
                   3292368036902                    3292373497823
                   3298512918353                    3298512995899
                   3299547869333                    3299754855983
                   3300783375056                    3300789044081
                   3306927651083                    3306927687228
                   3307960325650                    3308118221999
                   3309136259079                    3309146907319
                   3315280101716                    3315280132069
                   3316311467692                    3316512297037
                   3317519427281                    3317525500459
                   3323663101583                    3323663133918
                   3324697256496                    3324828470806
                   3325840108193                    3325845710372
                   3331984739612                    3331984783265
                   3333031607907                    3333987858722
                   3335023017027                    3335028636117
                   3341167268505                    3341167299897
                   3342200318557                    3342329615260
                   3343343107850                    3343349586475
